Determining if the pthread_create exist failed with the following output:
Change Dir: /home/songsong/Documents/detection/octomap_detectCar_1/cmake-build-debug/CMakeFiles/CMakeTmp

Run Build Command:"/usr/bin/make" "cmTC_46cf3/fast"
/usr/bin/make -f CMakeFiles/cmTC_46cf3.dir/build.make CMakeFiles/cmTC_46cf3.dir/build
make[1]: Entering directory '/home/songsong/Documents/detection/octomap_detectCar_1/cmake-build-debug/CMakeFiles/CMakeTmp'
Building C object CMakeFiles/cmTC_46cf3.dir/CheckSymbolExists.c.o
/usr/bin/cc    -o CMakeFiles/cmTC_46cf3.dir/CheckSymbolExists.c.o   -c /home/songsong/Documents/detection/octomap_detectCar_1/cmake-build-debug/CMakeFiles/CMakeTmp/CheckSymbolExists.c
Linking C executable cmTC_46cf3
/home/songsong/SoftWare/clion-2018.2.2/bin/cmake/linux/bin/cmake -E cmake_link_script CMakeFiles/cmTC_46cf3.dir/link.txt --verbose=1
/usr/bin/cc      -rdynamic CMakeFiles/cmTC_46cf3.dir/CheckSymbolExists.c.o  -o cmTC_46cf3 
CMakeFiles/cmTC_46cf3.dir/CheckSymbolExists.c.o: In function `main':
CheckSymbolExists.c:(.text+0x16): undefined reference to `pthread_create'
collect2: error: ld returned 1 exit status
CMakeFiles/cmTC_46cf3.dir/build.make:86: recipe for target 'cmTC_46cf3' failed
make[1]: *** [cmTC_46cf3] Error 1
make[1]: Leaving directory '/home/songsong/Documents/detection/octomap_detectCar_1/cmake-build-debug/CMakeFiles/CMakeTmp'
Makefile:121: recipe for target 'cmTC_46cf3/fast' failed
make: *** [cmTC_46cf3/fast] Error 2

File /home/songsong/Documents/detection/octomap_detectCar_1/cmake-build-debug/CMakeFiles/CMakeTmp/CheckSymbolExists.c:
/* */
#include <pthread.h>

int main(int argc, char** argv)
{
  (void)argv;
#ifndef pthread_create
  return ((int*)(&pthread_create))[argc];
#else
  (void)argc;
  return 0;
#endif
}

Determining if the function pthread_create exists in the pthreads failed with the following output:
Change Dir: /home/songsong/Documents/detection/octomap_detectCar_1/cmake-build-debug/CMakeFiles/CMakeTmp

Run Build Command:"/usr/bin/make" "cmTC_02762/fast"
/usr/bin/make -f CMakeFiles/cmTC_02762.dir/build.make CMakeFiles/cmTC_02762.dir/build
make[1]: Entering directory '/home/songsong/Documents/detection/octomap_detectCar_1/cmake-build-debug/CMakeFiles/CMakeTmp'
Building C object CMakeFiles/cmTC_02762.dir/CheckFunctionExists.c.o
/usr/bin/cc   -DCHECK_FUNCTION_EXISTS=pthread_create   -o CMakeFiles/cmTC_02762.dir/CheckFunctionExists.c.o   -c /home/songsong/SoftWare/clion-2018.2.2/bin/cmake/linux/share/cmake-3.12/Modules/CheckFunctionExists.c
Linking C executable cmTC_02762
/home/songsong/SoftWare/clion-2018.2.2/bin/cmake/linux/bin/cmake -E cmake_link_script CMakeFiles/cmTC_02762.dir/link.txt --verbose=1
/usr/bin/cc  -DCHECK_FUNCTION_EXISTS=pthread_create    -rdynamic CMakeFiles/cmTC_02762.dir/CheckFunctionExists.c.o  -o cmTC_02762 -lpthreads 
/usr/bin/ld: cannot find -lpthreads
collect2: error: ld returned 1 exit status
CMakeFiles/cmTC_02762.dir/build.make:86: recipe for target 'cmTC_02762' failed
make[1]: *** [cmTC_02762] Error 1
make[1]: Leaving directory '/home/songsong/Documents/detection/octomap_detectCar_1/cmake-build-debug/CMakeFiles/CMakeTmp'
Makefile:121: recipe for target 'cmTC_02762/fast' failed
make: *** [cmTC_02762/fast] Error 2


