Determining if the pthread_create exist failed with the following output:
Change Dir: /home/songsong/Documents/private/detection/octomap_detectCar_2 (copy)/cmake-build-debug/CMakeFiles/CMakeTmp

Run Build Command:"/usr/bin/make" "cmTC_28fb1/fast"
/usr/bin/make -f CMakeFiles/cmTC_28fb1.dir/build.make CMakeFiles/cmTC_28fb1.dir/build
make[1]: Entering directory '/home/songsong/Documents/private/detection/octomap_detectCar_2 (copy)/cmake-build-debug/CMakeFiles/CMakeTmp'
Building C object CMakeFiles/cmTC_28fb1.dir/CheckSymbolExists.c.o
/usr/bin/cc    -o CMakeFiles/cmTC_28fb1.dir/CheckSymbolExists.c.o   -c "/home/songsong/Documents/private/detection/octomap_detectCar_2 (copy)/cmake-build-debug/CMakeFiles/CMakeTmp/CheckSymbolExists.c"
Linking C executable cmTC_28fb1
/home/songsong/Documents/Softwares/Clion/clion-2018.3.3/bin/cmake/linux/bin/cmake -E cmake_link_script CMakeFiles/cmTC_28fb1.dir/link.txt --verbose=1
/usr/bin/cc      -rdynamic CMakeFiles/cmTC_28fb1.dir/CheckSymbolExists.c.o  -o cmTC_28fb1 
CMakeFiles/cmTC_28fb1.dir/CheckSymbolExists.c.o: In function `main':
CheckSymbolExists.c:(.text+0x1b): undefined reference to `pthread_create'
collect2: error: ld returned 1 exit status
CMakeFiles/cmTC_28fb1.dir/build.make:86: recipe for target 'cmTC_28fb1' failed
make[1]: *** [cmTC_28fb1] Error 1
make[1]: Leaving directory '/home/songsong/Documents/private/detection/octomap_detectCar_2 (copy)/cmake-build-debug/CMakeFiles/CMakeTmp'
Makefile:121: recipe for target 'cmTC_28fb1/fast' failed
make: *** [cmTC_28fb1/fast] Error 2

File /home/songsong/Documents/private/detection/octomap_detectCar_2 (copy)/cmake-build-debug/CMakeFiles/CMakeTmp/CheckSymbolExists.c:
/* */
#include <pthread.h>

int main(int argc, char** argv)
{
  (void)argv;
#ifndef pthread_create
  return ((int*)(&pthread_create))[argc];
#else
  (void)argc;
  return 0;
#endif
}

Determining if the function pthread_create exists in the pthreads failed with the following output:
Change Dir: /home/songsong/Documents/private/detection/octomap_detectCar_2 (copy)/cmake-build-debug/CMakeFiles/CMakeTmp

Run Build Command:"/usr/bin/make" "cmTC_c1cca/fast"
/usr/bin/make -f CMakeFiles/cmTC_c1cca.dir/build.make CMakeFiles/cmTC_c1cca.dir/build
make[1]: Entering directory '/home/songsong/Documents/private/detection/octomap_detectCar_2 (copy)/cmake-build-debug/CMakeFiles/CMakeTmp'
Building C object CMakeFiles/cmTC_c1cca.dir/CheckFunctionExists.c.o
/usr/bin/cc   -DCHECK_FUNCTION_EXISTS=pthread_create   -o CMakeFiles/cmTC_c1cca.dir/CheckFunctionExists.c.o   -c /home/songsong/Documents/Softwares/Clion/clion-2018.3.3/bin/cmake/linux/share/cmake-3.13/Modules/CheckFunctionExists.c
Linking C executable cmTC_c1cca
/home/songsong/Documents/Softwares/Clion/clion-2018.3.3/bin/cmake/linux/bin/cmake -E cmake_link_script CMakeFiles/cmTC_c1cca.dir/link.txt --verbose=1
/usr/bin/cc  -DCHECK_FUNCTION_EXISTS=pthread_create    -rdynamic CMakeFiles/cmTC_c1cca.dir/CheckFunctionExists.c.o  -o cmTC_c1cca -lpthreads 
/usr/bin/ld: cannot find -lpthreads
collect2: error: ld returned 1 exit status
CMakeFiles/cmTC_c1cca.dir/build.make:86: recipe for target 'cmTC_c1cca' failed
make[1]: *** [cmTC_c1cca] Error 1
make[1]: Leaving directory '/home/songsong/Documents/private/detection/octomap_detectCar_2 (copy)/cmake-build-debug/CMakeFiles/CMakeTmp'
Makefile:121: recipe for target 'cmTC_c1cca/fast' failed
make: *** [cmTC_c1cca/fast] Error 2


